This is pdfTeX, Version 3.141592653-2.6-1.40.24 (MiKTeX 22.10) (preloaded format=pdflatex 2022.12.20)  26 NOV 2025 18:11
entering extended mode
 restricted \write18 enabled.
 %&-line parsing enabled.
**./DIDINT.tex
(DIDINT.tex
LaTeX2e <2022-06-01> patch level 5
L3 programming layer <2022-09-28>
(C:\Users\sunny\AppData\Local\Programs\MiKTeX\tex/latex/base\article.cls
Document Class: article 2021/10/04 v1.4n Standard LaTeX document class
(C:\Users\sunny\AppData\Local\Programs\MiKTeX\tex/latex/base\size12.clo
File: size12.clo 2021/10/04 v1.4n Standard LaTeX file (size option)
)
\c@part=\count185
\c@section=\count186
\c@subsection=\count187
\c@subsubsection=\count188
\c@paragraph=\count189
\c@subparagraph=\count190
\c@figure=\count191
\c@table=\count192
\abovecaptionskip=\skip47
\belowcaptionskip=\skip48
\bibindent=\dimen138
)
(C:\Users\sunny\AppData\Local\Programs\MiKTeX\tex/latex/setspace\setspace.sty
Package: setspace 2022/12/04 v6.7b set line spacing
)
(C:\Users\sunny\AppData\Local\Programs\MiKTeX\tex/latex/base\inputenc.sty
Package: inputenc 2021/02/14 v1.3d Input encoding file
\inpenc@prehook=\toks16
\inpenc@posthook=\toks17
)
(C:\Users\sunny\AppData\Local\Programs\MiKTeX\tex/generic/babel\babel.sty
Package: babel 2022/10/04 3.81 The Babel package
\babel@savecnt=\count193
\U@D=\dimen139
\l@unhyphenated=\language79

(C:\Users\sunny\AppData\Local\Programs\MiKTeX\tex/generic/babel\txtbabel.def)
\bbl@readstream=\read2
\bbl@dirlevel=\count194

*************************************
* Local config file bblopts.cfg used
*
(C:\Users\sunny\AppData\Local\Programs\MiKTeX\tex/latex/arabi\bblopts.cfg
File: bblopts.cfg 2005/09/08 v0.1 add Arabic and Farsi to "declared" options of
 babel
)
(C:\Users\sunny\AppData\Local\Programs\MiKTeX\tex/latex/babel-english\english.l
df
Language: english 2017/06/06 v3.3r English support from the babel system
Package babel Info: Hyphen rules for 'canadian' set to \l@english
(babel)             (\language0). Reported on input line 102.
Package babel Info: Hyphen rules for 'australian' set to \l@ukenglish
(babel)             (\language73). Reported on input line 105.
Package babel Info: Hyphen rules for 'newzealand' set to \l@ukenglish
(babel)             (\language73). Reported on input line 108.
))
(C:\Users\sunny\AppData\Local\Programs\MiKTeX\tex/generic/babel/locale/en\babel
-english.tex
Package babel Info: Importing font and identification data for english
(babel)             from babel-en.ini. Reported on input line 11.
)
(C:\Users\sunny\AppData\Local\Programs\MiKTeX\tex/latex/xcolor\xcolor.sty
Package: xcolor 2022/06/12 v2.14 LaTeX color extensions (UK)

(C:\Users\sunny\AppData\Local\Programs\MiKTeX\tex/latex/graphics-cfg\color.cfg
File: color.cfg 2016/01/02 v1.6 sample color configuration
)
Package xcolor Info: Driver file: pdftex.def on input line 227.

(C:\Users\sunny\AppData\Local\Programs\MiKTeX\tex/latex/graphics-def\pdftex.def
File: pdftex.def 2022/09/22 v1.2b Graphics/color driver for pdftex
\stockwidth=\dimen140
\stockheight=\dimen141
)
(C:\Users\sunny\AppData\Local\Programs\MiKTeX\tex/latex/graphics\mathcolor.ltx)
Package xcolor Info: Model `cmy' substituted by `cmy0' on input line 1353.
Package xcolor Info: Model `hsb' substituted by `rgb' on input line 1357.
Package xcolor Info: Model `RGB' extended on input line 1369.
Package xcolor Info: Model `HTML' substituted by `rgb' on input line 1371.
Package xcolor Info: Model `Hsb' substituted by `hsb' on input line 1372.
Package xcolor Info: Model `tHsb' substituted by `hsb' on input line 1373.
Package xcolor Info: Model `HSB' substituted by `hsb' on input line 1374.
Package xcolor Info: Model `Gray' substituted by `gray' on input line 1375.
Package xcolor Info: Model `wave' substituted by `hsb' on input line 1376.
(C:\Users\sunny\AppData\Local\Programs\MiKTeX\tex/latex/graphics\dvipsnam.def
File: dvipsnam.def 2016/06/17 v3.0m Driver-dependent file (DPC,SPQR)
)) (C:\Users\sunny\AppData\Local\Programs\MiKTeX\tex/latex/appendix\appendix.st
y
Package: appendix 2020/02/08 v1.2c extra appendix facilities
\c@@pps=\count195
\c@@ppsavesec=\count196
\c@@ppsaveapp=\count197
) (C:\Users\sunny\AppData\Local\Programs\MiKTeX\tex/latex/booktabs\booktabs.sty
Package: booktabs 2020/01/12 v1.61803398 Publication quality tables
\heavyrulewidth=\dimen142
\lightrulewidth=\dimen143
\cmidrulewidth=\dimen144
\belowrulesep=\dimen145
\belowbottomsep=\dimen146
\aboverulesep=\dimen147
\abovetopsep=\dimen148
\cmidrulesep=\dimen149
\cmidrulekern=\dimen150
\defaultaddspace=\dimen151
\@cmidla=\count198
\@cmidlb=\count199
\@aboverulesep=\dimen152
\@belowrulesep=\dimen153
\@thisruleclass=\count266
\@lastruleclass=\count267
\@thisrulewidth=\dimen154
) (C:\Users\sunny\AppData\Local\Programs\MiKTeX\tex/latex/tools\tabularx.sty
Package: tabularx 2020/01/15 v2.11c `tabularx' package (DPC)

(C:\Users\sunny\AppData\Local\Programs\MiKTeX\tex/latex/tools\array.sty
Package: array 2022/03/10 v2.5f Tabular extension package (FMi)
\col@sep=\dimen155
\ar@mcellbox=\box51
\extrarowheight=\dimen156
\NC@list=\toks18
\extratabsurround=\skip49
\backup@length=\skip50
\ar@cellbox=\box52
)
\TX@col@width=\dimen157
\TX@old@table=\dimen158
\TX@old@col=\dimen159
\TX@target=\dimen160
\TX@delta=\dimen161
\TX@cols=\count268
\TX@ftn=\toks19
)
(C:\Users\sunny\AppData\Local\Programs\MiKTeX\tex/latex/caption\caption.sty
Package: caption 2022/03/01 v3.6b Customizing captions (AR)

(C:\Users\sunny\AppData\Local\Programs\MiKTeX\tex/latex/caption\caption3.sty
Package: caption3 2022/03/17 v2.3b caption3 kernel (AR)

(C:\Users\sunny\AppData\Local\Programs\MiKTeX\tex/latex/graphics\keyval.sty
Package: keyval 2022/05/29 v1.15 key=value parser (DPC)
\KV@toks@=\toks20
)
\caption@tempdima=\dimen162
\captionmargin=\dimen163
\caption@leftmargin=\dimen164
\caption@rightmargin=\dimen165
\caption@width=\dimen166
\caption@indent=\dimen167
\caption@parindent=\dimen168
\caption@hangindent=\dimen169
Package caption Info: Standard document class detected.
)
\c@caption@flags=\count269
\c@continuedfloat=\count270
)
(C:\Users\sunny\AppData\Local\Programs\MiKTeX\tex/latex/pgf/frontendlayer\tikz.
sty
(C:\Users\sunny\AppData\Local\Programs\MiKTeX\tex/latex/pgf/basiclayer\pgf.sty
(C:\Users\sunny\AppData\Local\Programs\MiKTeX\tex/latex/pgf/utilities\pgfrcs.st
y
(C:\Users\sunny\AppData\Local\Programs\MiKTeX\tex/generic/pgf/utilities\pgfutil
-common.tex
\pgfutil@everybye=\toks21
\pgfutil@tempdima=\dimen170
\pgfutil@tempdimb=\dimen171

(C:\Users\sunny\AppData\Local\Programs\MiKTeX\tex/generic/pgf/utilities\pgfutil
-common-lists.tex))
(C:\Users\sunny\AppData\Local\Programs\MiKTeX\tex/generic/pgf/utilities\pgfutil
-latex.def
\pgfutil@abb=\box53
)
(C:\Users\sunny\AppData\Local\Programs\MiKTeX\tex/generic/pgf/utilities\pgfrcs.
code.tex
(C:\Users\sunny\AppData\Local\Programs\MiKTeX\tex/generic/pgf\pgf.revision.tex)
Package: pgfrcs 2021/05/15 v3.1.9a (3.1.9a)
))
Package: pgf 2021/05/15 v3.1.9a (3.1.9a)

(C:\Users\sunny\AppData\Local\Programs\MiKTeX\tex/latex/pgf/basiclayer\pgfcore.
sty
(C:\Users\sunny\AppData\Local\Programs\MiKTeX\tex/latex/graphics\graphicx.sty
Package: graphicx 2021/09/16 v1.2d Enhanced LaTeX Graphics (DPC,SPQR)

(C:\Users\sunny\AppData\Local\Programs\MiKTeX\tex/latex/graphics\graphics.sty
Package: graphics 2022/03/10 v1.4e Standard LaTeX Graphics (DPC,SPQR)

(C:\Users\sunny\AppData\Local\Programs\MiKTeX\tex/latex/graphics\trig.sty
Package: trig 2021/08/11 v1.11 sin cos tan (DPC)
)
(C:\Users\sunny\AppData\Local\Programs\MiKTeX\tex/latex/graphics-cfg\graphics.c
fg
File: graphics.cfg 2016/06/04 v1.11 sample graphics configuration
)
Package graphics Info: Driver file: pdftex.def on input line 107.
)
\Gin@req@height=\dimen172
\Gin@req@width=\dimen173
)
(C:\Users\sunny\AppData\Local\Programs\MiKTeX\tex/latex/pgf/systemlayer\pgfsys.
sty
(C:\Users\sunny\AppData\Local\Programs\MiKTeX\tex/generic/pgf/systemlayer\pgfsy
s.code.tex
Package: pgfsys 2021/05/15 v3.1.9a (3.1.9a)

(C:\Users\sunny\AppData\Local\Programs\MiKTeX\tex/generic/pgf/utilities\pgfkeys
.code.tex
\pgfkeys@pathtoks=\toks22
\pgfkeys@temptoks=\toks23

(C:\Users\sunny\AppData\Local\Programs\MiKTeX\tex/generic/pgf/utilities\pgfkeys
filtered.code.tex
\pgfkeys@tmptoks=\toks24
))
\pgf@x=\dimen174
\pgf@y=\dimen175
\pgf@xa=\dimen176
\pgf@ya=\dimen177
\pgf@xb=\dimen178
\pgf@yb=\dimen179
\pgf@xc=\dimen180
\pgf@yc=\dimen181
\pgf@xd=\dimen182
\pgf@yd=\dimen183
\w@pgf@writea=\write3
\r@pgf@reada=\read3
\c@pgf@counta=\count271
\c@pgf@countb=\count272
\c@pgf@countc=\count273
\c@pgf@countd=\count274
\t@pgf@toka=\toks25
\t@pgf@tokb=\toks26
\t@pgf@tokc=\toks27
\pgf@sys@id@count=\count275

(C:\Users\sunny\AppData\Local\Programs\MiKTeX\tex/generic/pgf/systemlayer\pgf.c
fg
File: pgf.cfg 2021/05/15 v3.1.9a (3.1.9a)
)
Driver file for pgf: pgfsys-pdftex.def

(C:\Users\sunny\AppData\Local\Programs\MiKTeX\tex/generic/pgf/systemlayer\pgfsy
s-pdftex.def
File: pgfsys-pdftex.def 2021/05/15 v3.1.9a (3.1.9a)

(C:\Users\sunny\AppData\Local\Programs\MiKTeX\tex/generic/pgf/systemlayer\pgfsy
s-common-pdf.def
File: pgfsys-common-pdf.def 2021/05/15 v3.1.9a (3.1.9a)
)))
(C:\Users\sunny\AppData\Local\Programs\MiKTeX\tex/generic/pgf/systemlayer\pgfsy
ssoftpath.code.tex
File: pgfsyssoftpath.code.tex 2021/05/15 v3.1.9a (3.1.9a)
\pgfsyssoftpath@smallbuffer@items=\count276
\pgfsyssoftpath@bigbuffer@items=\count277
)
(C:\Users\sunny\AppData\Local\Programs\MiKTeX\tex/generic/pgf/systemlayer\pgfsy
sprotocol.code.tex
File: pgfsysprotocol.code.tex 2021/05/15 v3.1.9a (3.1.9a)
))
(C:\Users\sunny\AppData\Local\Programs\MiKTeX\tex/generic/pgf/basiclayer\pgfcor
e.code.tex
Package: pgfcore 2021/05/15 v3.1.9a (3.1.9a)

(C:\Users\sunny\AppData\Local\Programs\MiKTeX\tex/generic/pgf/math\pgfmath.code
.tex
(C:\Users\sunny\AppData\Local\Programs\MiKTeX\tex/generic/pgf/math\pgfmathcalc.
code.tex
(C:\Users\sunny\AppData\Local\Programs\MiKTeX\tex/generic/pgf/math\pgfmathutil.
code.tex)
(C:\Users\sunny\AppData\Local\Programs\MiKTeX\tex/generic/pgf/math\pgfmathparse
r.code.tex
\pgfmath@dimen=\dimen184
\pgfmath@count=\count278
\pgfmath@box=\box54
\pgfmath@toks=\toks28
\pgfmath@stack@operand=\toks29
\pgfmath@stack@operation=\toks30
)
(C:\Users\sunny\AppData\Local\Programs\MiKTeX\tex/generic/pgf/math\pgfmathfunct
ions.code.tex
(C:\Users\sunny\AppData\Local\Programs\MiKTeX\tex/generic/pgf/math\pgfmathfunct
ions.basic.code.tex)
(C:\Users\sunny\AppData\Local\Programs\MiKTeX\tex/generic/pgf/math\pgfmathfunct
ions.trigonometric.code.tex)
(C:\Users\sunny\AppData\Local\Programs\MiKTeX\tex/generic/pgf/math\pgfmathfunct
ions.random.code.tex)
(C:\Users\sunny\AppData\Local\Programs\MiKTeX\tex/generic/pgf/math\pgfmathfunct
ions.comparison.code.tex)
(C:\Users\sunny\AppData\Local\Programs\MiKTeX\tex/generic/pgf/math\pgfmathfunct
ions.base.code.tex)
(C:\Users\sunny\AppData\Local\Programs\MiKTeX\tex/generic/pgf/math\pgfmathfunct
ions.round.code.tex)
(C:\Users\sunny\AppData\Local\Programs\MiKTeX\tex/generic/pgf/math\pgfmathfunct
ions.misc.code.tex)
(C:\Users\sunny\AppData\Local\Programs\MiKTeX\tex/generic/pgf/math\pgfmathfunct
ions.integerarithmetics.code.tex)))
(C:\Users\sunny\AppData\Local\Programs\MiKTeX\tex/generic/pgf/math\pgfmathfloat
.code.tex
\c@pgfmathroundto@lastzeros=\count279
))
(C:\Users\sunny\AppData\Local\Programs\MiKTeX\tex/generic/pgf/math\pgfint.code.
tex)
(C:\Users\sunny\AppData\Local\Programs\MiKTeX\tex/generic/pgf/basiclayer\pgfcor
epoints.code.tex
File: pgfcorepoints.code.tex 2021/05/15 v3.1.9a (3.1.9a)
\pgf@picminx=\dimen185
\pgf@picmaxx=\dimen186
\pgf@picminy=\dimen187
\pgf@picmaxy=\dimen188
\pgf@pathminx=\dimen189
\pgf@pathmaxx=\dimen190
\pgf@pathminy=\dimen191
\pgf@pathmaxy=\dimen192
\pgf@xx=\dimen193
\pgf@xy=\dimen194
\pgf@yx=\dimen195
\pgf@yy=\dimen196
\pgf@zx=\dimen197
\pgf@zy=\dimen198
)
(C:\Users\sunny\AppData\Local\Programs\MiKTeX\tex/generic/pgf/basiclayer\pgfcor
epathconstruct.code.tex
File: pgfcorepathconstruct.code.tex 2021/05/15 v3.1.9a (3.1.9a)
\pgf@path@lastx=\dimen199
\pgf@path@lasty=\dimen256
)
(C:\Users\sunny\AppData\Local\Programs\MiKTeX\tex/generic/pgf/basiclayer\pgfcor
epathusage.code.tex
File: pgfcorepathusage.code.tex 2021/05/15 v3.1.9a (3.1.9a)
\pgf@shorten@end@additional=\dimen257
\pgf@shorten@start@additional=\dimen258
)
(C:\Users\sunny\AppData\Local\Programs\MiKTeX\tex/generic/pgf/basiclayer\pgfcor
escopes.code.tex
File: pgfcorescopes.code.tex 2021/05/15 v3.1.9a (3.1.9a)
\pgfpic=\box55
\pgf@hbox=\box56
\pgf@layerbox@main=\box57
\pgf@picture@serial@count=\count280
)
(C:\Users\sunny\AppData\Local\Programs\MiKTeX\tex/generic/pgf/basiclayer\pgfcor
egraphicstate.code.tex
File: pgfcoregraphicstate.code.tex 2021/05/15 v3.1.9a (3.1.9a)
\pgflinewidth=\dimen259
)
(C:\Users\sunny\AppData\Local\Programs\MiKTeX\tex/generic/pgf/basiclayer\pgfcor
etransformations.code.tex
File: pgfcoretransformations.code.tex 2021/05/15 v3.1.9a (3.1.9a)
\pgf@pt@x=\dimen260
\pgf@pt@y=\dimen261
\pgf@pt@temp=\dimen262
)
(C:\Users\sunny\AppData\Local\Programs\MiKTeX\tex/generic/pgf/basiclayer\pgfcor
equick.code.tex
File: pgfcorequick.code.tex 2021/05/15 v3.1.9a (3.1.9a)
)
(C:\Users\sunny\AppData\Local\Programs\MiKTeX\tex/generic/pgf/basiclayer\pgfcor
eobjects.code.tex
File: pgfcoreobjects.code.tex 2021/05/15 v3.1.9a (3.1.9a)
)
(C:\Users\sunny\AppData\Local\Programs\MiKTeX\tex/generic/pgf/basiclayer\pgfcor
epathprocessing.code.tex
File: pgfcorepathprocessing.code.tex 2021/05/15 v3.1.9a (3.1.9a)
)
(C:\Users\sunny\AppData\Local\Programs\MiKTeX\tex/generic/pgf/basiclayer\pgfcor
earrows.code.tex
File: pgfcorearrows.code.tex 2021/05/15 v3.1.9a (3.1.9a)
\pgfarrowsep=\dimen263
)
(C:\Users\sunny\AppData\Local\Programs\MiKTeX\tex/generic/pgf/basiclayer\pgfcor
eshade.code.tex
File: pgfcoreshade.code.tex 2021/05/15 v3.1.9a (3.1.9a)
\pgf@max=\dimen264
\pgf@sys@shading@range@num=\count281
\pgf@shadingcount=\count282
)
(C:\Users\sunny\AppData\Local\Programs\MiKTeX\tex/generic/pgf/basiclayer\pgfcor
eimage.code.tex
File: pgfcoreimage.code.tex 2021/05/15 v3.1.9a (3.1.9a)

(C:\Users\sunny\AppData\Local\Programs\MiKTeX\tex/generic/pgf/basiclayer\pgfcor
eexternal.code.tex
File: pgfcoreexternal.code.tex 2021/05/15 v3.1.9a (3.1.9a)
\pgfexternal@startupbox=\box58
))
(C:\Users\sunny\AppData\Local\Programs\MiKTeX\tex/generic/pgf/basiclayer\pgfcor
elayers.code.tex
File: pgfcorelayers.code.tex 2021/05/15 v3.1.9a (3.1.9a)
)
(C:\Users\sunny\AppData\Local\Programs\MiKTeX\tex/generic/pgf/basiclayer\pgfcor
etransparency.code.tex
File: pgfcoretransparency.code.tex 2021/05/15 v3.1.9a (3.1.9a)
)
(C:\Users\sunny\AppData\Local\Programs\MiKTeX\tex/generic/pgf/basiclayer\pgfcor
epatterns.code.tex
File: pgfcorepatterns.code.tex 2021/05/15 v3.1.9a (3.1.9a)
)
(C:\Users\sunny\AppData\Local\Programs\MiKTeX\tex/generic/pgf/basiclayer\pgfcor
erdf.code.tex
File: pgfcorerdf.code.tex 2021/05/15 v3.1.9a (3.1.9a)
)))
(C:\Users\sunny\AppData\Local\Programs\MiKTeX\tex/generic/pgf/modules\pgfmodule
shapes.code.tex
File: pgfmoduleshapes.code.tex 2021/05/15 v3.1.9a (3.1.9a)
\pgfnodeparttextbox=\box59
)
(C:\Users\sunny\AppData\Local\Programs\MiKTeX\tex/generic/pgf/modules\pgfmodule
plot.code.tex
File: pgfmoduleplot.code.tex 2021/05/15 v3.1.9a (3.1.9a)
)
(C:\Users\sunny\AppData\Local\Programs\MiKTeX\tex/latex/pgf/compatibility\pgfco
mp-version-0-65.sty
Package: pgfcomp-version-0-65 2021/05/15 v3.1.9a (3.1.9a)
\pgf@nodesepstart=\dimen265
\pgf@nodesepend=\dimen266
)
(C:\Users\sunny\AppData\Local\Programs\MiKTeX\tex/latex/pgf/compatibility\pgfco
mp-version-1-18.sty
Package: pgfcomp-version-1-18 2021/05/15 v3.1.9a (3.1.9a)
))
(C:\Users\sunny\AppData\Local\Programs\MiKTeX\tex/latex/pgf/utilities\pgffor.st
y
(C:\Users\sunny\AppData\Local\Programs\MiKTeX\tex/latex/pgf/utilities\pgfkeys.s
ty
(C:\Users\sunny\AppData\Local\Programs\MiKTeX\tex/generic/pgf/utilities\pgfkeys
.code.tex))
(C:\Users\sunny\AppData\Local\Programs\MiKTeX\tex/latex/pgf/math\pgfmath.sty
(C:\Users\sunny\AppData\Local\Programs\MiKTeX\tex/generic/pgf/math\pgfmath.code
.tex))
(C:\Users\sunny\AppData\Local\Programs\MiKTeX\tex/generic/pgf/utilities\pgffor.
code.tex
Package: pgffor 2021/05/15 v3.1.9a (3.1.9a)

(C:\Users\sunny\AppData\Local\Programs\MiKTeX\tex/generic/pgf/math\pgfmath.code
.tex)
\pgffor@iter=\dimen267
\pgffor@skip=\dimen268
\pgffor@stack=\toks31
\pgffor@toks=\toks32
))
(C:\Users\sunny\AppData\Local\Programs\MiKTeX\tex/generic/pgf/frontendlayer/tik
z\tikz.code.tex
Package: tikz 2021/05/15 v3.1.9a (3.1.9a)

(C:\Users\sunny\AppData\Local\Programs\MiKTeX\tex/generic/pgf/libraries\pgflibr
aryplothandlers.code.tex
File: pgflibraryplothandlers.code.tex 2021/05/15 v3.1.9a (3.1.9a)
\pgf@plot@mark@count=\count283
\pgfplotmarksize=\dimen269
)
\tikz@lastx=\dimen270
\tikz@lasty=\dimen271
\tikz@lastxsaved=\dimen272
\tikz@lastysaved=\dimen273
\tikz@lastmovetox=\dimen274
\tikz@lastmovetoy=\dimen275
\tikzleveldistance=\dimen276
\tikzsiblingdistance=\dimen277
\tikz@figbox=\box60
\tikz@figbox@bg=\box61
\tikz@tempbox=\box62
\tikz@tempbox@bg=\box63
\tikztreelevel=\count284
\tikznumberofchildren=\count285
\tikznumberofcurrentchild=\count286
\tikz@fig@count=\count287

(C:\Users\sunny\AppData\Local\Programs\MiKTeX\tex/generic/pgf/modules\pgfmodule
matrix.code.tex
File: pgfmodulematrix.code.tex 2021/05/15 v3.1.9a (3.1.9a)
\pgfmatrixcurrentrow=\count288
\pgfmatrixcurrentcolumn=\count289
\pgf@matrix@numberofcolumns=\count290
)
\tikz@expandcount=\count291

(C:\Users\sunny\AppData\Local\Programs\MiKTeX\tex/generic/pgf/frontendlayer/tik
z/libraries\tikzlibrarytopaths.code.tex
File: tikzlibrarytopaths.code.tex 2021/05/15 v3.1.9a (3.1.9a)
)))
(C:\Users\sunny\AppData\Local\Programs\MiKTeX\tex/generic/pgf/libraries\pgflibr
aryarrows.meta.code.tex
File: pgflibraryarrows.meta.code.tex 2021/05/15 v3.1.9a (3.1.9a)
\pgfarrowinset=\dimen278
\pgfarrowlength=\dimen279
\pgfarrowwidth=\dimen280
\pgfarrowlinewidth=\dimen281
)
(C:\Users\sunny\AppData\Local\Programs\MiKTeX\tex/generic/pgf/frontendlayer/tik
z/libraries\tikzlibrarypositioning.code.tex
File: tikzlibrarypositioning.code.tex 2021/05/15 v3.1.9a (3.1.9a)
)
(C:\Users\sunny\AppData\Local\Programs\MiKTeX\tex/generic/pgf/frontendlayer/tik
z/libraries\tikzlibraryshapes.geometric.code.tex
File: tikzlibraryshapes.geometric.code.tex 2021/05/15 v3.1.9a (3.1.9a)

(C:\Users\sunny\AppData\Local\Programs\MiKTeX\tex/generic/pgf/libraries/shapes\
pgflibraryshapes.geometric.code.tex
File: pgflibraryshapes.geometric.code.tex 2021/05/15 v3.1.9a (3.1.9a)
))
(C:\Users\sunny\AppData\Local\Programs\MiKTeX\tex/latex/caption\subcaption.sty
Package: subcaption 2022/01/07 v1.5 Sub-captions (AR)
\c@subfigure=\count292
\c@subtable=\count293
) (C:\Users\sunny\AppData\Local\Programs\MiKTeX\tex/latex/geometry\geometry.sty
Package: geometry 2020/01/02 v5.9 Page Geometry

(C:\Users\sunny\AppData\Local\Programs\MiKTeX\tex/generic/iftex\ifvtex.sty
Package: ifvtex 2019/10/25 v1.7 ifvtex legacy package. Use iftex instead.

(C:\Users\sunny\AppData\Local\Programs\MiKTeX\tex/generic/iftex\iftex.sty
Package: iftex 2022/02/03 v1.0f TeX engine tests
))
\Gm@cnth=\count294
\Gm@cntv=\count295
\c@Gm@tempcnt=\count296
\Gm@bindingoffset=\dimen282
\Gm@wd@mp=\dimen283
\Gm@odd@mp=\dimen284
\Gm@even@mp=\dimen285
\Gm@layoutwidth=\dimen286
\Gm@layoutheight=\dimen287
\Gm@layouthoffset=\dimen288
\Gm@layoutvoffset=\dimen289
\Gm@dimlist=\toks33

(C:\Users\sunny\AppData\Local\Programs\MiKTeX\tex/latex/geometry\geometry.cfg))
(C:\Users\sunny\AppData\Local\Programs\MiKTeX\tex/latex/parskip\parskip.sty
Package: parskip 2021-03-14 v2.0h non-zero parskip adjustments

(C:\Users\sunny\AppData\Local\Programs\MiKTeX\tex/latex/kvoptions\kvoptions.sty
Package: kvoptions 2022-06-15 v3.15 Key value format for package options (HO)
(C:\Users\sunny\AppData\Local\Programs\MiKTeX\tex/generic/ltxcmds\ltxcmds.sty
Package: ltxcmds 2020-05-10 v1.25 LaTeX kernel commands for general use (HO)
)
(C:\Users\sunny\AppData\Local\Programs\MiKTeX\tex/latex/kvsetkeys\kvsetkeys.sty
Package: kvsetkeys 2022-10-05 v1.19 Key value parser (HO)
))
(C:\Users\sunny\AppData\Local\Programs\MiKTeX\tex/latex/etoolbox\etoolbox.sty
Package: etoolbox 2020/10/05 v2.5k e-TeX tools for LaTeX (JAW)
\etb@tempcnta=\count297
)) (C:\Users\sunny\AppData\Local\Programs\MiKTeX\tex/latex/hyperref\hyperref.st
y
Package: hyperref 2022-09-22 v7.00t Hypertext links for LaTeX

(C:\Users\sunny\AppData\Local\Programs\MiKTeX\tex/generic/pdftexcmds\pdftexcmds
.sty
Package: pdftexcmds 2020-06-27 v0.33 Utility functions of pdfTeX for LuaTeX (HO
)

(C:\Users\sunny\AppData\Local\Programs\MiKTeX\tex/generic/infwarerr\infwarerr.s
ty
Package: infwarerr 2019/12/03 v1.5 Providing info/warning/error messages (HO)
)
Package pdftexcmds Info: \pdf@primitive is available.
Package pdftexcmds Info: \pdf@ifprimitive is available.
Package pdftexcmds Info: \pdfdraftmode found.
)
(C:\Users\sunny\AppData\Local\Programs\MiKTeX\tex/generic/kvdefinekeys\kvdefine
keys.sty
Package: kvdefinekeys 2019-12-19 v1.6 Define keys (HO)
)
(C:\Users\sunny\AppData\Local\Programs\MiKTeX\tex/generic/pdfescape\pdfescape.s
ty
Package: pdfescape 2019/12/09 v1.15 Implements pdfTeX's escape features (HO)
) (C:\Users\sunny\AppData\Local\Programs\MiKTeX\tex/latex/hycolor\hycolor.sty
Package: hycolor 2020-01-27 v1.10 Color options for hyperref/bookmark (HO)
)
(C:\Users\sunny\AppData\Local\Programs\MiKTeX\tex/latex/letltxmacro\letltxmacro
.sty
Package: letltxmacro 2019/12/03 v1.6 Let assignment for LaTeX macros (HO)
)
(C:\Users\sunny\AppData\Local\Programs\MiKTeX\tex/latex/auxhook\auxhook.sty
Package: auxhook 2019-12-17 v1.6 Hooks for auxiliary files (HO)
)
(C:\Users\sunny\AppData\Local\Programs\MiKTeX\tex/latex/hyperref\nameref.sty
Package: nameref 2022-05-17 v2.50 Cross-referencing by name of section

(C:\Users\sunny\AppData\Local\Programs\MiKTeX\tex/latex/refcount\refcount.sty
Package: refcount 2019/12/15 v3.6 Data extraction from label references (HO)
)
(C:\Users\sunny\AppData\Local\Programs\MiKTeX\tex/generic/gettitlestring\gettit
lestring.sty
Package: gettitlestring 2019/12/15 v1.6 Cleanup title references (HO)
)
\c@section@level=\count298
)
\@linkdim=\dimen290
\Hy@linkcounter=\count299
\Hy@pagecounter=\count300

(C:\Users\sunny\AppData\Local\Programs\MiKTeX\tex/latex/hyperref\pd1enc.def
File: pd1enc.def 2022-09-22 v7.00t Hyperref: PDFDocEncoding definition (HO)
Now handling font encoding PD1 ...
... no UTF-8 mapping file for font encoding PD1
)
(C:\Users\sunny\AppData\Local\Programs\MiKTeX\tex/generic/intcalc\intcalc.sty
Package: intcalc 2019/12/15 v1.3 Expandable calculations with integers (HO)
)
(C:\Users\sunny\AppData\Local\Programs\MiKTeX\tex/generic/etexcmds\etexcmds.sty
Package: etexcmds 2019/12/15 v1.7 Avoid name clashes with e-TeX commands (HO)
)
\Hy@SavedSpaceFactor=\count301
 (C:\Users\sunny\AppData\Local\Programs\MiKTeX\tex/latex/hyperref\puenc.def
File: puenc.def 2022-09-22 v7.00t Hyperref: PDF Unicode definition (HO)
Now handling font encoding PU ...
... no UTF-8 mapping file for font encoding PU
)
Package hyperref Info: Option `colorlinks' set `true' on input line 4045.
Package hyperref Info: Hyper figures OFF on input line 4162.
Package hyperref Info: Link nesting OFF on input line 4167.
Package hyperref Info: Hyper index ON on input line 4170.
Package hyperref Info: Plain pages OFF on input line 4177.
Package hyperref Info: Backreferencing OFF on input line 4182.
Package hyperref Info: Implicit mode ON; LaTeX internals redefined.
Package hyperref Info: Bookmarks ON on input line 4410.
\c@Hy@tempcnt=\count302

(C:\Users\sunny\AppData\Local\Programs\MiKTeX\tex/latex/url\url.sty
\Urlmuskip=\muskip16
Package: url 2013/09/16  ver 3.4  Verb mode for urls, etc.
)
LaTeX Info: Redefining \url on input line 4748.
\XeTeXLinkMargin=\dimen291

(C:\Users\sunny\AppData\Local\Programs\MiKTeX\tex/generic/bitset\bitset.sty
Package: bitset 2019/12/09 v1.3 Handle bit-vector datatype (HO)

(C:\Users\sunny\AppData\Local\Programs\MiKTeX\tex/generic/bigintcalc\bigintcalc
.sty
Package: bigintcalc 2019/12/15 v1.5 Expandable calculations on big integers (HO
)
))
\Fld@menulength=\count303
\Field@Width=\dimen292
\Fld@charsize=\dimen293
Package hyperref Info: Hyper figures OFF on input line 6027.
Package hyperref Info: Link nesting OFF on input line 6032.
Package hyperref Info: Hyper index ON on input line 6035.
Package hyperref Info: backreferencing OFF on input line 6042.
Package hyperref Info: Link coloring ON on input line 6045.
Package hyperref Info: Link coloring with OCG OFF on input line 6052.
Package hyperref Info: PDF/A mode OFF on input line 6057.

(C:\Users\sunny\AppData\Local\Programs\MiKTeX\tex/latex/base\atbegshi-ltx.sty
Package: atbegshi-ltx 2021/01/10 v1.0c Emulation of the original atbegshi
package with kernel methods
)
\Hy@abspage=\count304
\c@Item=\count305
\c@Hfootnote=\count306
)
Package hyperref Info: Driver (autodetected): hpdftex.
(C:\Users\sunny\AppData\Local\Programs\MiKTeX\tex/latex/hyperref\hpdftex.def
File: hpdftex.def 2022-09-22 v7.00t Hyperref driver for pdfTeX

(C:\Users\sunny\AppData\Local\Programs\MiKTeX\tex/latex/base\atveryend-ltx.sty
Package: atveryend-ltx 2020/08/19 v1.0a Emulation of the original atveryend pac
kage
with kernel methods
)
\Fld@listcount=\count307
\c@bookmark@seq@number=\count308

(C:\Users\sunny\AppData\Local\Programs\MiKTeX\tex/latex/rerunfilecheck\rerunfil
echeck.sty
Package: rerunfilecheck 2022-07-10 v1.10 Rerun checks for auxiliary files (HO)

(C:\Users\sunny\AppData\Local\Programs\MiKTeX\tex/generic/uniquecounter\uniquec
ounter.sty
Package: uniquecounter 2019/12/15 v1.4 Provide unlimited unique counter (HO)
)
Package uniquecounter Info: New unique counter `rerunfilecheck' on input line 2
85.
)
\Hy@SectionHShift=\skip51
)
(C:\Users\sunny\AppData\Local\Programs\MiKTeX\tex/latex/pdflscape\pdflscape.sty
Package: pdflscape 2022-10-27 v0.13 Display of landscape pages in PDF

(C:\Users\sunny\AppData\Local\Programs\MiKTeX\tex/latex/pdflscape\pdflscape-nom
etadata.sty
Package: pdflscape-nometadata 2022-10-28 v0.13 Display of landscape pages in PD
F (HO)

(C:\Users\sunny\AppData\Local\Programs\MiKTeX\tex/latex/graphics\lscape.sty
Package: lscape 2020/05/28 v3.02 Landscape Pages (DPC)
)
Package pdflscape Info: Auto-detected driver: pdftex on input line 81.
))
(C:\Users\sunny\AppData\Local\Programs\MiKTeX\tex/latex/graphics\rotating.sty
Package: rotating 2016/08/11 v2.16d rotated objects in LaTeX

(C:\Users\sunny\AppData\Local\Programs\MiKTeX\tex/latex/base\ifthen.sty
Package: ifthen 2022/04/13 v1.1d Standard LaTeX ifthen package (DPC)
)
\c@r@tfl@t=\count309
\rotFPtop=\skip52
\rotFPbot=\skip53
\rot@float@box=\box64
\rot@mess@toks=\toks34
)
(C:\Users\sunny\AppData\Local\Programs\MiKTeX\tex/latex/multirow\multirow.sty
Package: multirow 2021/03/15 v2.8 Span multiple rows of a table
\multirow@colwidth=\skip54
\multirow@cntb=\count310
\multirow@dima=\skip55
\bigstrutjot=\dimen294
)
(C:\Users\sunny\AppData\Local\Programs\MiKTeX\tex/latex/threeparttable\threepar
ttable.sty
Package: threeparttable 2003/06/13  v 3.0
\@tempboxb=\box65
)
(C:\Users\sunny\AppData\Local\Programs\MiKTeX\tex/latex/tools\multicol.sty
Package: multicol 2021/11/30 v1.9d multicolumn formatting (FMi)
\c@tracingmulticols=\count311
\mult@box=\box66
\multicol@leftmargin=\dimen295
\c@unbalance=\count312
\c@collectmore=\count313
\doublecol@number=\count314
\multicoltolerance=\count315
\multicolpretolerance=\count316
\full@width=\dimen296
\page@free=\dimen297
\premulticols=\dimen298
\postmulticols=\dimen299
\multicolsep=\skip56
\multicolbaselineskip=\skip57
\partial@page=\box67
\last@line=\box68
\maxbalancingoverflow=\dimen300
\mult@rightbox=\box69
\mult@grightbox=\box70
\mult@firstbox=\box71
\mult@gfirstbox=\box72
\@tempa=\box73
\@tempa=\box74
\@tempa=\box75
\@tempa=\box76
\@tempa=\box77
\@tempa=\box78
\@tempa=\box79
\@tempa=\box80
\@tempa=\box81
\@tempa=\box82
\@tempa=\box83
\@tempa=\box84
\@tempa=\box85
\@tempa=\box86
\@tempa=\box87
\@tempa=\box88
\@tempa=\box89
\@tempa=\box90
\@tempa=\box91
\@tempa=\box92
\@tempa=\box93
\@tempa=\box94
\@tempa=\box95
\@tempa=\box96
\@tempa=\box97
\@tempa=\box98
\@tempa=\box99
\@tempa=\box100
\@tempa=\box101
\@tempa=\box102
\@tempa=\box103
\@tempa=\box104
\@tempa=\box105
\@tempa=\box106
\@tempa=\box107
\@tempa=\box108
\c@minrows=\count317
\c@columnbadness=\count318
\c@finalcolumnbadness=\count319
\last@try=\dimen301
\multicolovershoot=\dimen302
\multicolundershoot=\dimen303
\mult@nat@firstbox=\box109
\colbreak@box=\box110
\mc@col@check@num=\count320
)
(C:\Users\sunny\AppData\Local\Programs\MiKTeX\tex/latex/wrapfig\wrapfig.sty
\wrapoverhang=\dimen304
\WF@size=\dimen305
\c@WF@wrappedlines=\count321
\WF@box=\box111
\WF@everypar=\toks35
Package: wrapfig 2003/01/31  v 3.6
)
(C:\Users\sunny\AppData\Local\Programs\MiKTeX\tex/latex/amsmath\amsmath.sty
Package: amsmath 2022/04/08 v2.17n AMS math features
\@mathmargin=\skip58

For additional information on amsmath, use the `?' option.
(C:\Users\sunny\AppData\Local\Programs\MiKTeX\tex/latex/amsmath\amstext.sty
Package: amstext 2021/08/26 v2.01 AMS text

(C:\Users\sunny\AppData\Local\Programs\MiKTeX\tex/latex/amsmath\amsgen.sty
File: amsgen.sty 1999/11/30 v2.0 generic functions
\@emptytoks=\toks36
\ex@=\dimen306
))
(C:\Users\sunny\AppData\Local\Programs\MiKTeX\tex/latex/amsmath\amsbsy.sty
Package: amsbsy 1999/11/29 v1.2d Bold Symbols
\pmbraise@=\dimen307
)
(C:\Users\sunny\AppData\Local\Programs\MiKTeX\tex/latex/amsmath\amsopn.sty
Package: amsopn 2022/04/08 v2.04 operator names
)
\inf@bad=\count322
LaTeX Info: Redefining \frac on input line 234.
\uproot@=\count323
\leftroot@=\count324
LaTeX Info: Redefining \overline on input line 399.
LaTeX Info: Redefining \colon on input line 410.
\classnum@=\count325
\DOTSCASE@=\count326
LaTeX Info: Redefining \ldots on input line 496.
LaTeX Info: Redefining \dots on input line 499.
LaTeX Info: Redefining \cdots on input line 620.
\Mathstrutbox@=\box112
\strutbox@=\box113
LaTeX Info: Redefining \big on input line 722.
LaTeX Info: Redefining \Big on input line 723.
LaTeX Info: Redefining \bigg on input line 724.
LaTeX Info: Redefining \Bigg on input line 725.
\big@size=\dimen308
LaTeX Font Info:    Redeclaring font encoding OML on input line 743.
LaTeX Font Info:    Redeclaring font encoding OMS on input line 744.
\macc@depth=\count327
LaTeX Info: Redefining \bmod on input line 905.
LaTeX Info: Redefining \pmod on input line 910.
LaTeX Info: Redefining \smash on input line 940.
LaTeX Info: Redefining \relbar on input line 970.
LaTeX Info: Redefining \Relbar on input line 971.
\c@MaxMatrixCols=\count328
\dotsspace@=\muskip17
\c@parentequation=\count329
\dspbrk@lvl=\count330
\tag@help=\toks37
\row@=\count331
\column@=\count332
\maxfields@=\count333
\andhelp@=\toks38
\eqnshift@=\dimen309
\alignsep@=\dimen310
\tagshift@=\dimen311
\tagwidth@=\dimen312
\totwidth@=\dimen313
\lineht@=\dimen314
\@envbody=\toks39
\multlinegap=\skip59
\multlinetaggap=\skip60
\mathdisplay@stack=\toks40
LaTeX Info: Redefining \[ on input line 2953.
LaTeX Info: Redefining \] on input line 2954.
)
(C:\Users\sunny\AppData\Local\Programs\MiKTeX\tex/latex/amsfonts\amssymb.sty
Package: amssymb 2013/01/14 v3.01 AMS font symbols

(C:\Users\sunny\AppData\Local\Programs\MiKTeX\tex/latex/amsfonts\amsfonts.sty
Package: amsfonts 2013/01/14 v3.01 Basic AMSFonts support
\symAMSa=\mathgroup4
\symAMSb=\mathgroup5
LaTeX Font Info:    Redeclaring math symbol \hbar on input line 98.
LaTeX Font Info:    Overwriting math alphabet `\mathfrak' in version `bold'
(Font)                  U/euf/m/n --> U/euf/b/n on input line 106.
)) (C:\Users\sunny\AppData\Local\Programs\MiKTeX\tex/latex/amscls\amsthm.sty
Package: amsthm 2020/05/29 v2.20.6
\thm@style=\toks41
\thm@bodyfont=\toks42
\thm@headfont=\toks43
\thm@notefont=\toks44
\thm@headpunct=\toks45
\thm@preskip=\skip61
\thm@postskip=\skip62
\thm@headsep=\skip63
\dth@everypar=\toks46
)
\c@theorem=\count334
\c@subtheorem=\count335
\c@lemma=\count336
\c@assumption=\count337
\c@proposition=\count338
\c@corollary=\count339

(C:\Users\sunny\AppData\Local\Programs\MiKTeX\tex/latex/tools\enumerate.sty
Package: enumerate 2015/07/23 v3.00 enumerate extensions (DPC)
\@enLab=\toks47
)
(C:\Users\sunny\AppData\Local\Programs\MiKTeX\tex/latex/comment\comment.sty
\CommentStream=\write4

Excluding comment 'comment')
(C:\Users\sunny\AppData\Local\Programs\MiKTeX\tex/latex/psnfss\pifont.sty
Package: pifont 2020/03/25 PSNFSS-v9.3 Pi font support (SPQR) 
LaTeX Font Info:    Trying to load font information for U+pzd on input line 63.


(C:\Users\sunny\AppData\Local\Programs\MiKTeX\tex/latex/psnfss\upzd.fd
File: upzd.fd 2001/06/04 font definitions for U/pzd.
)
LaTeX Font Info:    Trying to load font information for U+psy on input line 64.


(C:\Users\sunny\AppData\Local\Programs\MiKTeX\tex/latex/psnfss\upsy.fd
File: upsy.fd 2001/06/04 font definitions for U/psy.
))
(C:\Users\sunny\AppData\Local\Programs\MiKTeX\tex/latex/placeins\placeins.sty
Package: placeins 2005/04/18  v 2.2
)
(C:\Users\sunny\AppData\Local\Programs\MiKTeX\tex/latex/natbib\natbib.sty
Package: natbib 2010/09/13 8.31b (PWD, AO)
\bibhang=\skip64
\bibsep=\skip65
LaTeX Info: Redefining \cite on input line 694.
\c@NAT@ctr=\count340
)
(C:\Users\sunny\AppData\Local\Programs\MiKTeX\tex/latex/csquotes\csquotes.sty
Package: csquotes 2022-09-14 v5.2n context-sensitive quotations (JAW)
\csq@reset=\count341
\csq@gtype=\count342
\csq@glevel=\count343
\csq@qlevel=\count344
\csq@maxlvl=\count345
\csq@tshold=\count346
\csq@ltx@everypar=\toks48

(C:\Users\sunny\AppData\Local\Programs\MiKTeX\tex/latex/csquotes\csquotes.def
File: csquotes.def 2022-09-14 v5.2n csquotes generic definitions (JAW)
)
Package csquotes Info: Trying to load configuration file 'csquotes.cfg'...
Package csquotes Info: ... configuration file loaded successfully.

(C:\Users\sunny\AppData\Local\Programs\MiKTeX\tex/latex/csquotes\csquotes.cfg
File: csquotes.cfg 
)
Package csquotes Info: Disabling multilingual quotes.
Package csquotes Info: Redefining alias 'default' -> 'british'.
)
(C:\Users\sunny\AppData\Local\Programs\MiKTeX\tex/latex/l3backend\l3backend-pdf
tex.def
File: l3backend-pdftex.def 2022-09-28 L3 backend support: PDF output (pdfTeX)
\l__color_backend_stack_int=\count347
\l__pdf_internal_box=\box114
) (DIDINT.aux

LaTeX Warning: Label `fig:CCCviolations' multiply defined.


LaTeX Warning: Label `eq:ipt22' multiply defined.


LaTeX Warning: Label `eq: faux3' multiply defined.


LaTeX Warning: Label `eq: faux3' multiply defined.


LaTeX Warning: Label `appendix: twfeexpfinal' multiply defined.

)
\openout1 = `DIDINT.aux'.

LaTeX Font Info:    Checking defaults for OML/cmm/m/it on input line 132.
LaTeX Font Info:    ... okay on input line 132.
LaTeX Font Info:    Checking defaults for OMS/cmsy/m/n on input line 132.
LaTeX Font Info:    ... okay on input line 132.
LaTeX Font Info:    Checking defaults for OT1/cmr/m/n on input line 132.
LaTeX Font Info:    ... okay on input line 132.
LaTeX Font Info:    Checking defaults for T1/cmr/m/n on input line 132.
LaTeX Font Info:    ... okay on input line 132.
LaTeX Font Info:    Checking defaults for TS1/cmr/m/n on input line 132.
LaTeX Font Info:    ... okay on input line 132.
LaTeX Font Info:    Checking defaults for OMX/cmex/m/n on input line 132.
LaTeX Font Info:    ... okay on input line 132.
LaTeX Font Info:    Checking defaults for U/cmr/m/n on input line 132.
LaTeX Font Info:    ... okay on input line 132.
LaTeX Font Info:    Checking defaults for PD1/pdf/m/n on input line 132.
LaTeX Font Info:    ... okay on input line 132.
LaTeX Font Info:    Checking defaults for PU/pdf/m/n on input line 132.
LaTeX Font Info:    ... okay on input line 132.

(C:\Users\sunny\AppData\Local\Programs\MiKTeX\tex/context/base/mkii\supp-pdf.mk
ii
[Loading MPS to PDF converter (version 2006.09.02).]
\scratchcounter=\count348
\scratchdimen=\dimen315
\scratchbox=\box115
\nofMPsegments=\count349
\nofMParguments=\count350
\everyMPshowfont=\toks49
\MPscratchCnt=\count351
\MPscratchDim=\dimen316
\MPnumerator=\count352
\makeMPintoPDFobject=\count353
\everyMPtoPDFconversion=\toks50
)
(C:\Users\sunny\AppData\Local\Programs\MiKTeX\tex/latex/epstopdf-pkg\epstopdf-b
ase.sty
Package: epstopdf-base 2020-01-24 v2.11 Base part for package epstopdf

(C:\Users\sunny\AppData\Local\Programs\MiKTeX\tex/latex/grfext\grfext.sty
Package: grfext 2019/12/03 v1.3 Manage graphics extensions (HO)
)
Package epstopdf-base Info: Redefining graphics rule for `.eps' on input line 4
85.
Package grfext Info: Graphics extension search list:
(grfext)             [.pdf,.png,.jpg,.mps,.jpeg,.jbig2,.jb2,.PDF,.PNG,.JPG,.JPE
G,.JBIG2,.JB2,.eps]
(grfext)             \AppendGraphicsExtensions on input line 504.

(C:\Users\sunny\AppData\Local\Programs\MiKTeX\tex/latex/00miktex\epstopdf-sys.c
fg
File: epstopdf-sys.cfg 2021/03/18 v2.0 Configuration of epstopdf for MiKTeX
))
Package caption Info: Begin \AtBeginDocument code.
Package caption Info: hyperref package is loaded.
Package caption Info: rotating package is loaded.
Package caption Info: threeparttable package is loaded.
Package caption Info: wrapfig package is loaded.
Package caption Info: End \AtBeginDocument code.

*geometry* driver: auto-detecting
*geometry* detected driver: pdftex
*geometry* verbose mode - [ preamble ] result:
* driver: pdftex
* paper: a4paper
* layout: <same size as paper>
* layoutoffset:(h,v)=(0.0pt,0.0pt)
* modes: 
* h-part:(L,W,R)=(56.9055pt, 483.69687pt, 56.9055pt)
* v-part:(T,H,B)=(56.9055pt, 731.23584pt, 56.9055pt)
* \paperwidth=597.50787pt
* \paperheight=845.04684pt
* \textwidth=483.69687pt
* \textheight=731.23584pt
* \oddsidemargin=-15.36449pt
* \evensidemargin=-15.36449pt
* \topmargin=-52.36449pt
* \headheight=12.0pt
* \headsep=25.0pt
* \topskip=12.0pt
* \footskip=30.0pt
* \marginparwidth=56.9055pt
* \marginparsep=10.0pt
* \columnsep=28.45274pt
* \skip\footins=10.8pt plus 4.0pt minus 2.0pt
* \hoffset=0.0pt
* \voffset=0.0pt
* \mag=1000
* \@twocolumnfalse
* \@twosidefalse
* \@mparswitchfalse
* \@reversemarginfalse
* (1in=72.27pt=25.4mm, 1cm=28.453pt)

Package hyperref Info: Link coloring ON on input line 132.
(DIDINT.out) (DIDINT.out)
\@outlinefile=\write5
\openout5 = `DIDINT.out'.

LaTeX Font Info:    Trying to load font information for U+msa on input line 134
.

(C:\Users\sunny\AppData\Local\Programs\MiKTeX\tex/latex/amsfonts\umsa.fd
File: umsa.fd 2013/01/14 v3.01 AMS symbols A
)
LaTeX Font Info:    Trying to load font information for U+msb on input line 134
.

(C:\Users\sunny\AppData\Local\Programs\MiKTeX\tex/latex/amsfonts\umsb.fd
File: umsb.fd 2013/01/14 v3.01 AMS symbols B
)
[1

{C:/Users/sunny/AppData/Local/MiKTeX/fonts/map/pdftex/pdftex.map}] [2]
<unconditionalptnoccc.png, id=209, 1425.325pt x 855.195pt>
File: unconditionalptnoccc.png Graphic file (type png)
<use unconditionalptnoccc.png>
Package pdftex.def Info: unconditionalptnoccc.png  used on input line 168.
(pdftex.def)             Requested size: 217.66211pt x 130.59647pt.
<conditionalptcorrected.png, id=210, 1425.325pt x 855.195pt>
File: conditionalptcorrected.png Graphic file (type png)
<use conditionalptcorrected.png>
Package pdftex.def Info: conditionalptcorrected.png  used on input line 176.
(pdftex.def)             Requested size: 217.66211pt x 130.59647pt.

[3] [4 <./unconditionalptnoccc.png (PNG copy)> <./conditionalptcorrected.png (P
NG copy)>] [5] [6]
<Staggereddraw (2).png, id=290, 579.66562pt x 466.74374pt>
File: Staggereddraw (2).png Graphic file (type png)
<use Staggereddraw (2).png>
Package pdftex.def Info: Staggereddraw (2).png  used on input line 255.
(pdftex.def)             Requested size: 241.84843pt x 194.73483pt.
 [7] [8 <./Staggereddraw (2).png>] [9] [10]
<DIDrawtrendsBB.png, id=364, 1476.51625pt x 885.3075pt>
File: DIDrawtrendsBB.png Graphic file (type png)
<use DIDrawtrendsBB.png>
Package pdftex.def Info: DIDrawtrendsBB.png  used on input line 392.
(pdftex.def)             Requested size: 149.94484pt x 89.9003pt.
<DIDcommonmonthsBB.png, id=365, 1476.51625pt x 885.3075pt>
File: DIDcommonmonthsBB.png Graphic file (type png)
<use DIDcommonmonthsBB.png>
Package pdftex.def Info: DIDcommonmonthsBB.png  used on input line 399.
(pdftex.def)             Requested size: 149.94484pt x 89.9003pt.
<DIDuncommonmonthsBB.png, id=366, 1476.51625pt x 885.3075pt>
File: DIDuncommonmonthsBB.png Graphic file (type png)
<use DIDuncommonmonthsBB.png>
Package pdftex.def Info: DIDuncommonmonthsBB.png  used on input line 406.
(pdftex.def)             Requested size: 149.94484pt x 89.9003pt.


LaTeX Warning: `!h' float specifier changed to `!ht'.

[11]

pdfTeX warning: pdflatex.exe (file ./attacks.pdf): PDF inclusion: found PDF ver
sion <1.6>, but at most version <1.5> allowed
<attacks.pdf, id=379, 542.025pt x 325.215pt>
File: attacks.pdf Graphic file (type pdf)
<use attacks.pdf>
Package pdftex.def Info: attacks.pdf  used on input line 425.
(pdftex.def)             Requested size: 290.22107pt x 174.13965pt.

LaTeX Warning: `!h' float specifier changed to `!ht'.

[12 <./DIDrawtrendsBB.png (PNG copy)> <./DIDcommonmonthsBB.png (PNG copy)> <./D
IDuncommonmonthsBB.png (PNG copy)>]

pdfTeX warning: pdflatex.exe (file ./LFS_CCC_new.pdf): PDF inclusion: found PDF
 version <1.6>, but at most version <1.5> allowed
<LFS_CCC_new.pdf, id=395, 397.485pt x 289.08pt>
File: LFS_CCC_new.pdf Graphic file (type pdf)
<use LFS_CCC_new.pdf>
Package pdftex.def Info: LFS_CCC_new.pdf  used on input line 436.
(pdftex.def)             Requested size: 386.95897pt x 281.43501pt.
[13 <./attacks.pdf> <./LFS_CCC_new.pdf>]
File: LFS_CCC_new.pdf Graphic file (type pdf)
<use LFS_CCC_new.pdf>
Package pdftex.def Info: LFS_CCC_new.pdf  used on input line 459.
(pdftex.def)             Requested size: 386.95897pt x 281.43501pt.


LaTeX Warning: `!h' float specifier changed to `!ht'.


Overfull \hbox (12.40831pt too wide) in paragraph at lines 507--508
 [][] 
 []


LaTeX Warning: `!h' float specifier changed to `!ht'.

[14]

LaTeX Warning: Text page 15 contains only floats.

[15]
<PT correct counterfactual.png, id=442, 504.38437pt x 428.35031pt>
File: PT correct counterfactual.png Graphic file (type png)
<use PT correct counterfactual.png>
Package pdftex.def Info: PT correct counterfactual.png  used on input line 584.

(pdftex.def)             Requested size: 241.84843pt x 205.39012pt.
 [16] [17 <./PT correct counterfactual.png>] [18] [19]
Underfull \hbox (badness 4429) in paragraph at lines 712--712
[]|\OT1/cmr/m/n/12 Invariant dis-tri-bu-tions of
 []

[20] [21] [22] [23] [24] [25] [26] [27]
Overfull \hbox (44.49564pt too wide) in paragraph at lines 1065--1066
 [] 
 []

[28] [29]
<hettime.png, id=656, 969.6225pt x 581.17125pt>
File: hettime.png Graphic file (type png)
<use hettime.png>
Package pdftex.def Info: hettime.png  used on input line 1078.
(pdftex.def)             Requested size: 483.69687pt x 289.91982pt.
 [30

 <./hettime.png (PNG copy)>]
<twoway.png, id=666, 969.6225pt x 581.17125pt>
File: twoway.png Graphic file (type png)
<use twoway.png>
Package pdftex.def Info: twoway.png  used on input line 1087.
(pdftex.def)             Requested size: 483.69687pt x 289.91982pt.
 [31 <./twoway.png (PNG copy)>]
[32] [33] [34]

LaTeX Font Warning: Command \footnotesize invalid in math mode on input line 11
78.

LaTeX Font Info:    Calculating math sizes for size <> on input line 1180.

LaTeX Font Warning: Font shape `OT1/cmr/m/n' in size <> not available
(Font)              size <5> substituted on input line 1180.


LaTeX Font Warning: Font shape `OT1/cmr/m/n' in size <0.7> not available
(Font)              size <5> substituted on input line 1180.


LaTeX Font Warning: Font shape `OT1/cmr/m/n' in size <0.5> not available
(Font)              size <5> substituted on input line 1180.


LaTeX Font Warning: Font shape `OML/cmm/m/it' in size <> not available
(Font)              size <5> substituted on input line 1180.


LaTeX Font Warning: Font shape `OML/cmm/m/it' in size <0.7> not available
(Font)              size <5> substituted on input line 1180.


LaTeX Font Warning: Font shape `OML/cmm/m/it' in size <0.5> not available
(Font)              size <5> substituted on input line 1180.


LaTeX Font Warning: Font shape `OMS/cmsy/m/n' in size <> not available
(Font)              size <5> substituted on input line 1180.


LaTeX Font Warning: Font shape `OMS/cmsy/m/n' in size <0.7> not available
(Font)              size <5> substituted on input line 1180.


LaTeX Font Warning: Font shape `OMS/cmsy/m/n' in size <0.5> not available
(Font)              size <5> substituted on input line 1180.


LaTeX Font Warning: Font shape `OT1/cmr/bx/n' in size <> not available
(Font)              size <5> substituted on input line 1180.


LaTeX Font Warning: Font shape `OT1/cmr/bx/n' in size <0.7> not available
(Font)              size <5> substituted on input line 1180.


LaTeX Font Warning: Font shape `OT1/cmr/bx/n' in size <0.5> not available
(Font)              size <5> substituted on input line 1180.


Overfull \hbox (0.64055pt too wide) in paragraph at lines 1201--1203
[][]\OT1/cmr/bx/n/12 Theorem 9 \OT1/cmr/m/n/12 (Iden-ti-fi-ca-tion: DR--DID wit
h time--vary-ing co-vari-ates and vi-o-la-tions of the two-way
 []

[35] [36] [37]
<ptweekly.png, id=795, 1461.46pt x 876.27374pt>
File: ptweekly.png Graphic file (type png)
<use ptweekly.png>
Package pdftex.def Info: ptweekly.png  used on input line 1272.
(pdftex.def)             Requested size: 483.69687pt x 290.01358pt.
 [38 <./ptweekly.png (PNG copy)>]
<twfevstwfe_size.png, id=809, 969.6225pt x 581.17125pt>
File: twfevstwfe_size.png Graphic file (type png)
<use twfevstwfe_size.png>
Package pdftex.def Info: twfevstwfe_size.png  used on input line 1306.
(pdftex.def)             Requested size: 483.69687pt x 289.91982pt.
 [39] [40 <./twfevstwfe_size.png (PNG copy)>]
<didintvsdidint_size.png, id=829, 969.6225pt x 581.17125pt>
File: didintvsdidint_size.png Graphic file (type png)
<use didintvsdidint_size.png>
Package pdftex.def Info: didintvsdidint_size.png  used on input line 1338.
(pdftex.def)             Requested size: 483.69687pt x 289.91982pt.
 [41 <./didintvsdidint_size.png (PNG copy)>]
<csvsdidint_size.png, id=840, 969.6225pt x 581.17125pt>
File: csvsdidint_size.png Graphic file (type png)
<use csvsdidint_size.png>
Package pdftex.def Info: csvsdidint_size.png  used on input line 1356.
(pdftex.def)             Requested size: 411.14528pt x 246.4314pt.
 [42]
<impvsdidint.png, id=848, 969.6225pt x 581.17125pt>
File: impvsdidint.png Graphic file (type png)
<use impvsdidint.png>
Package pdftex.def Info: impvsdidint.png  used on input line 1369.
(pdftex.def)             Requested size: 411.14528pt x 246.4314pt.
<flexvsdidint.png, id=851, 969.6225pt x 581.17125pt>
File: flexvsdidint.png Graphic file (type png)
<use flexvsdidint.png>
Package pdftex.def Info: flexvsdidint.png  used on input line 1381.
(pdftex.def)             Requested size: 411.14528pt x 246.4314pt.
 [43 <./csvsdidint_size.png (PNG copy)>] [44 <./impvsdidint.png (PNG copy)> <./
flexvsdidint.png (PNG copy)>] [45

] (DIDINT.bbl

! LaTeX Error: Command \enquote already defined.
               Or name \end... illegal, see p.192 of the manual.

See the LaTeX manual or LaTeX Companion for explanation.
Type  H <return>  for immediate help.
 ...                                              
                                                  
l.2 \newcommand{\enquote}[1]{``#1''}
                                    
Your command was ignored.
Type  I <command> <return>  to replace it with another command,
or  <return>  to continue without it.

[46] [47]
Underfull \hbox (badness 2913) in paragraph at lines 137--140
[]\OT1/cmr/m/n/12 Roth, J., P. H. Sant'Anna, A. Bilin-ski, and J. Poe (2022) ` 
 What's trend-ing in
 []

) [48] [49

] [50] [51]
pdfTeX warning (ext4): destination with the same identifier (name{assumption.1}
) has been already used, duplicate ignored
<to be read again> 
                   \relax 
l.1619 ...Assumption (SUTVA)] \label{as2: SUTVA} O
                                                  bserved outcomes at time t...
[52]

LaTeX Font Warning: Command \small invalid in math mode on input line 1668.

[53] [54]
Overfull \hbox (34.82602pt too wide) detected at line 1752
[][][]
 []


Overfull \hbox (37.2269pt too wide) detected at line 1779
[]\U/msb/m/n/12 E\OT1/cmr/m/n/12 [\OML/cmm/m/it/12 Y[]\OT1/cmr/m/n/12 (0) \OMS/
cmsy/m/n/12 j \OML/cmm/m/it/12 s \OMS/cmsy/m/n/12 2 \OT1/cmr/bx/n/12 s[]\OML/cm
m/m/it/12 ; X[]\OT1/cmr/m/n/12 ] \OMS/cmsy/m/n/12 ^^@ \U/msb/m/n/12 E\OT1/cmr/m
/n/12 [\OML/cmm/m/it/12 Y[]\OT1/cmr/m/n/12 (0) \OMS/cmsy/m/n/12 j \OML/cmm/m/it
/12 s \OMS/cmsy/m/n/12 2 \OT1/cmr/bx/n/12 s[]\OML/cmm/m/it/12 ; X[]\OT1/cmr/m/n
/12 ][]\OMS/cmsy/m/n/12 ^^@[]\U/msb/m/n/12 E\OT1/cmr/m/n/12 [\OML/cmm/m/it/12 Y
[]\OT1/cmr/m/n/12 (0) \OMS/cmsy/m/n/12 j \OML/cmm/m/it/12 s[] \OMS/cmsy/m/n/12 
2 \OT1/cmr/bx/n/12 s[]\OML/cmm/m/it/12 ; X[]\OT1/cmr/m/n/12 ] \OMS/cmsy/m/n/12 
^^@ \U/msb/m/n/12 E\OT1/cmr/m/n/12 [\OML/cmm/m/it/12 Y[]\OT1/cmr/m/n/12 (0) \OM
S/cmsy/m/n/12 j \OML/cmm/m/it/12 s[] \OMS/cmsy/m/n/12 2 \OT1/cmr/bx/n/12 s[]\OM
L/cmm/m/it/12 ; X[]\OT1/cmr/m/n/12 ][] = 0
 []

[55] [56]
Overfull \hbox (1.015pt too wide) detected at line 1821
\U/msb/m/n/12 E\OT1/cmr/m/n/12 [\OML/cmm/m/it/12 Y[]\OT1/cmr/m/n/12 (1) \OMS/cm
sy/m/n/12 j \OML/cmm/m/it/12 s \OMS/cmsy/m/n/12 2 \OT1/cmr/bx/n/12 s[]\OML/cmm/
m/it/12 ; X[]\OT1/cmr/m/n/12 ] \OMS/cmsy/m/n/12 ^^@ \U/msb/m/n/12 E\OT1/cmr/m/n
/12 [\OML/cmm/m/it/12 Y[]\OT1/cmr/m/n/12 (0) \OMS/cmsy/m/n/12 j \OML/cmm/m/it/1
2 s \OMS/cmsy/m/n/12 2 \OT1/cmr/bx/n/12 s[]\OML/cmm/m/it/12 ; X[]\OT1/cmr/m/n/1
2 ] + \U/msb/m/n/12 E\OT1/cmr/m/n/12 [\OML/cmm/m/it/12 Y[]\OT1/cmr/m/n/12 (0) \
OMS/cmsy/m/n/12 j \OML/cmm/m/it/12 s \OMS/cmsy/m/n/12 2 \OT1/cmr/bx/n/12 s[]\OM
L/cmm/m/it/12 ; X[]\OT1/cmr/m/n/12 ] = \OML/cmm/m/it/12 ^^R[] \OT1/cmr/m/n/12 +
 \OML/cmm/m/it/12 ^^L[] \OT1/cmr/m/n/12 + \OML/cmm/m/it/12 ^^M[]\U/msb/m/n/12 E
\OT1/cmr/m/n/12 [\OML/cmm/m/it/12 X[] \OMS/cmsy/m/n/12 j \OML/cmm/m/it/12 s \OM
S/cmsy/m/n/12 2 \OT1/cmr/bx/n/12 s[]\OT1/cmr/m/n/12 ]
 []


LaTeX Font Warning: Command \footnotesize invalid in math mode on input line 18
49.


Overfull \hbox (37.2269pt too wide) detected at line 1857
[]\U/msb/m/n/12 E\OT1/cmr/m/n/12 [[](0) \OMS/cmsy/m/n/12 j \OML/cmm/m/it/12 s \
OMS/cmsy/m/n/12 2 \OT1/cmr/bx/n/12 s[]\OML/cmm/m/it/12 ; X[]\OT1/cmr/m/n/12 ] \
OMS/cmsy/m/n/12 ^^@ \U/msb/m/n/12 E\OT1/cmr/m/n/12 [[](0) \OMS/cmsy/m/n/12 j \O
ML/cmm/m/it/12 s \OMS/cmsy/m/n/12 2 \OT1/cmr/bx/n/12 s[]\OML/cmm/m/it/12 ; X[]\
OT1/cmr/m/n/12 ][]\OMS/cmsy/m/n/12 ^^@[]\U/msb/m/n/12 E\OT1/cmr/m/n/12 [[](0) \
OMS/cmsy/m/n/12 j \OML/cmm/m/it/12 s[] \OMS/cmsy/m/n/12 2 \OT1/cmr/bx/n/12 s[]\
OML/cmm/m/it/12 ; X[]\OT1/cmr/m/n/12 ] \OMS/cmsy/m/n/12 ^^@ \U/msb/m/n/12 E\OT1
/cmr/m/n/12 [[](0) \OMS/cmsy/m/n/12 j \OML/cmm/m/it/12 s[] \OMS/cmsy/m/n/12 2 \
OT1/cmr/bx/n/12 s[]\OML/cmm/m/it/12 ; X[]\OT1/cmr/m/n/12 ][] = 0
 []

[57]

LaTeX Font Warning: Command \footnotesize invalid in math mode on input line 18
90.


Overfull \hbox (37.2269pt too wide) detected at line 1922
[]\U/msb/m/n/12 E\OT1/cmr/m/n/12 [\OML/cmm/m/it/12 Y[]\OT1/cmr/m/n/12 (0) \OMS/
cmsy/m/n/12 j \OML/cmm/m/it/12 s \OMS/cmsy/m/n/12 2 \OT1/cmr/bx/n/12 s[]\OML/cm
m/m/it/12 ; X[]\OT1/cmr/m/n/12 ] \OMS/cmsy/m/n/12 ^^@ \U/msb/m/n/12 E\OT1/cmr/m
/n/12 [\OML/cmm/m/it/12 Y[]\OT1/cmr/m/n/12 (0) \OMS/cmsy/m/n/12 j \OML/cmm/m/it
/12 s \OMS/cmsy/m/n/12 2 \OT1/cmr/bx/n/12 s[]\OML/cmm/m/it/12 ; X[]\OT1/cmr/m/n
/12 ][]\OMS/cmsy/m/n/12 ^^@[]\U/msb/m/n/12 E\OT1/cmr/m/n/12 [\OML/cmm/m/it/12 Y
[]\OT1/cmr/m/n/12 (0) \OMS/cmsy/m/n/12 j \OML/cmm/m/it/12 s[] \OMS/cmsy/m/n/12 
2 \OT1/cmr/bx/n/12 s[]\OML/cmm/m/it/12 ; X[]\OT1/cmr/m/n/12 ] \OMS/cmsy/m/n/12 
^^@ \U/msb/m/n/12 E\OT1/cmr/m/n/12 [\OML/cmm/m/it/12 Y[]\OT1/cmr/m/n/12 (0) \OM
S/cmsy/m/n/12 j \OML/cmm/m/it/12 s[] \OMS/cmsy/m/n/12 2 \OT1/cmr/bx/n/12 s[]\OM
L/cmm/m/it/12 ; X[]\OT1/cmr/m/n/12 ][] = 0
 []

[58]

LaTeX Font Warning: Command \footnotesize invalid in math mode on input line 19
75.


LaTeX Font Warning: Command \footnotesize invalid in math mode on input line 19
82.


LaTeX Font Warning: Command \scriptsize invalid in math mode on input line 1988
.

[59]

LaTeX Font Warning: Command \scriptsize invalid in math mode on input line 1994
.


LaTeX Font Warning: Command \scriptsize invalid in math mode on input line 2000
.


LaTeX Font Warning: Command \scriptsize invalid in math mode on input line 2013
.


LaTeX Font Warning: Command \scriptsize invalid in math mode on input line 2025
.

[60]
pdfTeX warning (ext4): destination with the same identifier (name{assumption.2}
) has been already used, duplicate ignored
<to be read again> 
                   \relax 
l.2041 T
        he effect of the covariates is additive and separable, with group-in...
[61]
<appendixtw.png, id=1107, 969.6225pt x 581.17125pt>
File: appendixtw.png Graphic file (type png)
<use appendixtw.png>
Package pdftex.def Info: appendixtw.png  used on input line 2083.
(pdftex.def)             Requested size: 483.69687pt x 289.91982pt.
 [62 <./appendixtw.png (PNG copy)>]
Overfull \hbox (46.29541pt too wide) in paragraph at lines 2105--2164
 [][] 
 []

[63] [64] (DIDINT.aux)

LaTeX Font Warning: Size substitutions with differences
(Font)              up to 4.5pt have occurred.


LaTeX Warning: There were multiply-defined labels.

Package rerunfilecheck Info: File `DIDINT.out' has not changed.
(rerunfilecheck)             Checksum: 5A8EF9946EDCA76FF6B4035A211231B0;8703.
 ) 
Here is how much of TeX's memory you used:
 27300 strings out of 475385
 516634 string characters out of 2776906
 871710 words of memory out of 3000000
 47859 multiletter control sequences out of 15000+600000
 488876 words of font info for 102 fonts, out of 8000000 for 9000
 1141 hyphenation exceptions out of 8191
 100i,18n,104p,2214b,909s stack positions out of 10000i,1000n,20000p,200000b,80000s
 <C:\Users\sunny\AppData\Local\MiKTeX\fonts/pk/ljfour/jknappen/ec/dpi600\tcrm
1200.pk> <C:\Users\sunny\AppData\Local\MiKTeX\fonts/pk/ljfour/jknappen/ec/dpi60
0\tcrm0700.pk> <C:\Users\sunny\AppData\Local\MiKTeX\fonts/pk/ljfour/jknappen/ec
/dpi600\tcrm1000.pk> <C:\Users\sunny\AppData\Local\MiKTeX\fonts/pk/ljfour/jknap
pen/ec/dpi600\tcrm1440.pk><C:/Users/sunny/AppData/Local/Programs/MiKTeX/fonts/t
ype1/public/amsfonts/cm/cmbx10.pfb><C:/Users/sunny/AppData/Local/Programs/MiKTe
X/fonts/type1/public/amsfonts/cm/cmbx12.pfb><C:/Users/sunny/AppData/Local/Progr
ams/MiKTeX/fonts/type1/public/amsfonts/cm/cmbxti10.pfb><C:/Users/sunny/AppData/
Local/Programs/MiKTeX/fonts/type1/public/amsfonts/cm/cmex10.pfb><C:/Users/sunny
/AppData/Local/Programs/MiKTeX/fonts/type1/public/amsfonts/cmextra/cmex8.pfb><C
:/Users/sunny/AppData/Local/Programs/MiKTeX/fonts/type1/public/amsfonts/cm/cmmi
10.pfb><C:/Users/sunny/AppData/Local/Programs/MiKTeX/fonts/type1/public/amsfont
s/cm/cmmi12.pfb><C:/Users/sunny/AppData/Local/Programs/MiKTeX/fonts/type1/publi
c/amsfonts/cm/cmmi5.pfb><C:/Users/sunny/AppData/Local/Programs/MiKTeX/fonts/typ
e1/public/amsfonts/cm/cmmi6.pfb><C:/Users/sunny/AppData/Local/Programs/MiKTeX/f
onts/type1/public/amsfonts/cm/cmmi7.pfb><C:/Users/sunny/AppData/Local/Programs/
MiKTeX/fonts/type1/public/amsfonts/cm/cmmi8.pfb><C:/Users/sunny/AppData/Local/P
rograms/MiKTeX/fonts/type1/public/amsfonts/cm/cmr10.pfb><C:/Users/sunny/AppData
/Local/Programs/MiKTeX/fonts/type1/public/amsfonts/cm/cmr12.pfb><C:/Users/sunny
/AppData/Local/Programs/MiKTeX/fonts/type1/public/amsfonts/cm/cmr17.pfb><C:/Use
rs/sunny/AppData/Local/Programs/MiKTeX/fonts/type1/public/amsfonts/cm/cmr5.pfb>
<C:/Users/sunny/AppData/Local/Programs/MiKTeX/fonts/type1/public/amsfonts/cm/cm
r6.pfb><C:/Users/sunny/AppData/Local/Programs/MiKTeX/fonts/type1/public/amsfont
s/cm/cmr7.pfb><C:/Users/sunny/AppData/Local/Programs/MiKTeX/fonts/type1/public/
amsfonts/cm/cmr8.pfb><C:/Users/sunny/AppData/Local/Programs/MiKTeX/fonts/type1/
public/amsfonts/cm/cmsy10.pfb><C:/Users/sunny/AppData/Local/Programs/MiKTeX/fon
ts/type1/public/amsfonts/cm/cmsy5.pfb><C:/Users/sunny/AppData/Local/Programs/Mi
KTeX/fonts/type1/public/amsfonts/cm/cmsy6.pfb><C:/Users/sunny/AppData/Local/Pro
grams/MiKTeX/fonts/type1/public/amsfonts/cm/cmsy7.pfb><C:/Users/sunny/AppData/L
ocal/Programs/MiKTeX/fonts/type1/public/amsfonts/cm/cmsy8.pfb><C:/Users/sunny/A
ppData/Local/Programs/MiKTeX/fonts/type1/public/amsfonts/cm/cmti10.pfb><C:/User
s/sunny/AppData/Local/Programs/MiKTeX/fonts/type1/public/amsfonts/cm/cmti12.pfb
><C:/Users/sunny/AppData/Local/Programs/MiKTeX/fonts/type1/public/amsfonts/cm/c
mtt12.pfb><C:/Users/sunny/AppData/Local/Programs/MiKTeX/fonts/type1/public/amsf
onts/symbols/msam10.pfb><C:/Users/sunny/AppData/Local/Programs/MiKTeX/fonts/typ
e1/public/amsfonts/symbols/msbm10.pfb><C:/Users/sunny/AppData/Local/Programs/Mi
KTeX/fonts/type1/urw/zapfding/uzdr.pfb>
Output written on DIDINT.pdf (64 pages, 2140632 bytes).
PDF statistics:
 1329 PDF objects out of 1440 (max. 8388607)
 316 named destinations out of 1000 (max. 500000)
 399 words of extra memory for PDF output out of 10000 (max. 10000000)

